<?xml version="1.0" encoding="UTF-8"?>
<!-- Generated by org.testng.reporters.JUnitXMLReporter -->
<testsuite ignored="0" hostname="LAPTOP-27PCK551" failures="0" tests="3" name="BankApp Test" time="43.965" errors="0" timestamp="2020-05-18T12:46:31 CDT">
  <testcase classname="com.SeleniumDemo.testCases.TC_LoginDDT_003" name="loginDDT" time="13.127"/>
  <testcase classname="com.SeleniumDemo.testCases.TC_LoginDDT_003" name="loginDDT" time="12.359"/>
  <testcase classname="com.SeleniumDemo.testCases.TC_LoginDDT_003" name="loginDDT" time="12.461"/>
</testsuite> <!-- BankApp Test -->
