<?xml version="1.0" encoding="UTF-8"?>
<testsuite name="TestSuite" time="1.121" tests="1" errors="0" skipped="0" failures="1">
  <properties>
[...]
</properties>
  <testcase name="loginTest" classname="com.SeleniumDemo.testCases.TC_LoginTest_001" time="1.121">
    <failure message="expected [true] but found [false]" type="java.lang.AssertionError">java.lang.AssertionError: expected [true] but found [false]
	at org.testng.Assert.fail(Assert.java:97)
	at org.testng.Assert.failNotEquals(Assert.java:969)
	at org.testng.Assert.assertTrue(Assert.java:43)
	at org.testng.Assert.assertTrue(Assert.java:53)
	at com.SeleniumDemo.testCases.TC_LoginTest_001.loginTest(TC_LoginTest_001.java:22)
</failure>
    <system-out><![CDATA[[INFO ] 2020-05-21 13:41:20.911 [main] BaseClass - Url is opened
Screenshot taken
]]></system-out>
    <system-err><![CDATA[May 21, 2020 1:41:16 PM com.aventstack.extentreports.externalconfig.ConfigLoader <init>
SEVERE: C:\Users\pamjo\eclipse-workspace\SeleniumDemoV1\extent-config.xml
java.io.FileNotFoundException: C:\Users\pamjo\eclipse-workspace\SeleniumDemoV1\extent-config.xml (The system cannot find the file specified)
	at java.base/java.io.FileInputStream.open0(Native Method)
	at java.base/java.io.FileInputStream.open(FileInputStream.java:212)
	at java.base/java.io.FileInputStream.<init>(FileInputStream.java:154)
	at com.aventstack.extentreports.externalconfig.ConfigLoader.<init>(ConfigLoader.java:54)
	at com.aventstack.extentreports.reporter.ConfigurableReporter.loadXMLConfig(ConfigurableReporter.java:59)
	at com.aventstack.extentreports.reporter.ConfigurableReporter.loadXMLConfig(ConfigurableReporter.java:40)
	at com.aventstack.extentreports.reporter.ConfigurableReporter.loadXMLConfig(ConfigurableReporter.java:49)
	at com.SeleniumDemo.utilities.Reporting.onStart(Reporting.java:36)
	at org.testng.TestRunner.fireEvent(TestRunner.java:893)
	at org.testng.TestRunner.beforeRun(TestRunner.java:605)
	at org.testng.TestRunner.run(TestRunner.java:580)
	at org.testng.SuiteRunner.runTest(SuiteRunner.java:384)
	at org.testng.SuiteRunner.runSequentially(SuiteRunner.java:378)
	at org.testng.SuiteRunner.privateRun(SuiteRunner.java:337)
	at org.testng.SuiteRunner.run(SuiteRunner.java:286)
	at org.testng.SuiteRunnerWorker.runSuite(SuiteRunnerWorker.java:53)
	at org.testng.SuiteRunnerWorker.run(SuiteRunnerWorker.java:96)
	at org.testng.TestNG.runSuitesSequentially(TestNG.java:1187)
	at org.testng.TestNG.runSuitesLocally(TestNG.java:1109)
	at org.testng.TestNG.runSuites(TestNG.java:1039)
	at org.testng.TestNG.run(TestNG.java:1007)
	at org.apache.maven.surefire.testng.TestNGExecutor.run(TestNGExecutor.java:295)
	at org.apache.maven.surefire.testng.TestNGXmlTestSuite.execute(TestNGXmlTestSuite.java:84)
	at org.apache.maven.surefire.testng.TestNGProvider.invoke(TestNGProvider.java:90)
	at org.apache.maven.surefire.booter.ForkedBooter.invokeProviderInSameClassLoader(ForkedBooter.java:203)
	at org.apache.maven.surefire.booter.ForkedBooter.runSuitesInProcess(ForkedBooter.java:155)
	at org.apache.maven.surefire.booter.ForkedBooter.main(ForkedBooter.java:103)

Starting ChromeDriver 81.0.4044.138 (8c6c7ba89cc9453625af54f11fd83179e23450fa-refs/branch-heads/4044@{#999}) on port 48076
Only local connections are allowed.
Please protect ports used by ChromeDriver and related test frameworks to prevent access by malicious code.
May 21, 2020 1:41:19 PM org.openqa.selenium.remote.ProtocolHandshake createSession
INFO: Detected dialect: W3C
[1590086480.027][SEVERE]: Timed out receiving message from renderer: 0.100
[1590086480.234][SEVERE]: Timed out receiving message from renderer: 0.100
]]></system-err>
  </testcase>
</testsuite>