<?xml version="1.0" encoding="UTF-8"?>
<testng-results ignored="0" total="1" passed="1" failed="0" skipped="0">
  <reporter-output>
  </reporter-output>
  <suite started-at="2020-05-22T09:54:41 CDT" name="SeleniumDemoV1" finished-at="2020-05-22T09:54:51 CDT" duration-ms="9888">
    <groups>
    </groups>
    <test started-at="2020-05-22T09:54:41 CDT" name="Login Test" finished-at="2020-05-22T09:54:51 CDT" duration-ms="9888">
      <class name="com.SeleniumDemo.testCases.TC_LoginTest_001">
        <test-method is-config="true" signature="setup(java.lang.String)[pri:0, instance:com.SeleniumDemo.testCases.TC_LoginTest_001@45afc369]" started-at="2020-05-22T09:54:41 CDT" name="setup" finished-at="2020-05-22T09:54:47 CDT" duration-ms="6043" status="PASS">
          <params>
            <param index="0">
              <value>
                <![CDATA[chrome]]>
              </value>
            </param>
          </params>
          <reporter-output>
          </reporter-output>
        </test-method> <!-- setup -->
        <test-method signature="loginTest()[pri:0, instance:com.SeleniumDemo.testCases.TC_LoginTest_001@45afc369]" started-at="2020-05-22T09:54:47 CDT" name="loginTest" finished-at="2020-05-22T09:54:49 CDT" duration-ms="2579" status="PASS">
          <reporter-output>
          </reporter-output>
        </test-method> <!-- loginTest -->
        <test-method is-config="true" signature="tearDown()[pri:0, instance:com.SeleniumDemo.testCases.TC_LoginTest_001@45afc369]" started-at="2020-05-22T09:54:49 CDT" name="tearDown" finished-at="2020-05-22T09:54:51 CDT" duration-ms="1084" status="PASS">
          <reporter-output>
          </reporter-output>
        </test-method> <!-- tearDown -->
      </class> <!-- com.SeleniumDemo.testCases.TC_LoginTest_001 -->
    </test> <!-- Login Test -->
  </suite> <!-- SeleniumDemoV1 -->
</testng-results>
