<?xml version="1.0" encoding="UTF-8"?>
<testng-results ignored="0" total="1" passed="1" failed="0" skipped="0">
  <reporter-output>
  </reporter-output>
  <suite started-at="2020-05-23T12:32:16 CDT" name="SeleniumDemoV1" finished-at="2020-05-23T12:32:19 CDT" duration-ms="2703">
    <groups>
    </groups>
    <test started-at="2020-05-23T12:32:16 CDT" name="Login Test" finished-at="2020-05-23T12:32:19 CDT" duration-ms="2703">
      <class name="com.SeleniumDemo.testCases.TC_API_GET_Request_001">
        <test-method signature="getWeatherCondition()[pri:0, instance:com.SeleniumDemo.testCases.TC_API_GET_Request_001@4b14c583]" started-at="2020-05-23T12:32:16 CDT" name="getWeatherCondition" finished-at="2020-05-23T12:32:19 CDT" duration-ms="2512" status="PASS">
          <reporter-output>
          </reporter-output>
        </test-method> <!-- getWeatherCondition -->
      </class> <!-- com.SeleniumDemo.testCases.TC_API_GET_Request_001 -->
    </test> <!-- Login Test -->
  </suite> <!-- SeleniumDemoV1 -->
</testng-results>
